1541050270219	mozrunner::runner	INFO	Running command: "/Applications/Firefox.app/Contents/MacOS/firefox-bin" "-marionette" "-foreground" "-no-remote" "-profile" "/var/folders/51/x10fq2v17xl8qz65s0_81mm00000gn/T/rust_mozprofile.1cs2PtxHuktA"
2018-10-31 22:31:12.583 plugin-container[45630:5555378] *** CFMessagePort: bootstrap_register(): failed 1100 (0x44c) 'Permission denied', port = 0x723b, name = 'com.apple.tsm.portname'
See /usr/include/servers/bootstrap_defs.h for the error codes.
2018-10-31 22:31:13.049 plugin-container[45630:5555378] unable to obtain configuration from file:///Library/Preferences/com.apple.ViewBridge.plist due to Error Domain=NSCocoaErrorDomain Code=257 "The file “com.apple.ViewBridge.plist” couldn’t be opened because you don’t have permission to view it." UserInfo={NSFilePath=/Library/Preferences/com.apple.ViewBridge.plist, NSUnderlyingError=0x113ce61f0 {Error Domain=NSPOSIXErrorDomain Code=1 "Operation not permitted"}}
2018-10-31 22:31:13.054 plugin-container[45630:5555380] +[NSXPCSharedListener endpointForReply:withListenerName:]: an error occurred while attempting to obtain endpoint for listener 'ClientCallsAuxiliary': Connection invalid
2018-10-31 22:31:13.098 plugin-container[45631:5555437] *** CFMessagePort: bootstrap_register(): failed 1100 (0x44c) 'Permission denied', port = 0x783b, name = 'com.apple.tsm.portname'
See /usr/include/servers/bootstrap_defs.h for the error codes.
2018-10-31 22:31:13.246 plugin-container[45631:5555437] unable to obtain configuration from file:///Library/Preferences/com.apple.ViewBridge.plist due to Error Domain=NSCocoaErrorDomain Code=257 "The file “com.apple.ViewBridge.plist” couldn’t be opened because you don’t have permission to view it." UserInfo={NSFilePath=/Library/Preferences/com.apple.ViewBridge.plist, NSUnderlyingError=0x119629640 {Error Domain=NSPOSIXErrorDomain Code=1 "Operation not permitted"}}
2018-10-31 22:31:13.250 plugin-container[45631:5555441] +[NSXPCSharedListener endpointForReply:withListenerName:]: an error occurred while attempting to obtain endpoint for listener 'ClientCallsAuxiliary': Connection invalid
2018-10-31 22:31:13.670 plugin-container[45632:5555511] *** CFMessagePort: bootstrap_register(): failed 1100 (0x44c) 'Permission denied', port = 0x8a3b, name = 'com.apple.tsm.portname'
See /usr/include/servers/bootstrap_defs.h for the error codes.
1541050273676	Marionette	INFO	Listening on port 57236
1541050273748	Marionette	WARN	TLS certificate errors will be ignored for this session
1541050273824	Marionette	DEBUG	[4294967297] Frame script loaded
1541050273829	Marionette	DEBUG	[4294967297] Frame script registered
2018-10-31 22:31:13.847 plugin-container[45632:5555511] unable to obtain configuration from file:///Library/Preferences/com.apple.ViewBridge.plist due to Error Domain=NSCocoaErrorDomain Code=257 "The file “com.apple.ViewBridge.plist” couldn’t be opened because you don’t have permission to view it." UserInfo={NSFilePath=/Library/Preferences/com.apple.ViewBridge.plist, NSUnderlyingError=0x10d7e93a0 {Error Domain=NSPOSIXErrorDomain Code=1 "Operation not permitted"}}
2018-10-31 22:31:13.851 plugin-container[45632:5555525] +[NSXPCSharedListener endpointForReply:withListenerName:]: an error occurred while attempting to obtain endpoint for listener 'ClientCallsAuxiliary': Connection invalid
1541050273873	Marionette	DEBUG	[4294967297] Received DOM event beforeunload for about:blank
1541050274427	Marionette	DEBUG	[4294967297] Received DOM event pagehide for about:blank
1541050278079	Marionette	DEBUG	[4294967297] Received DOM event DOMContentLoaded for https://www.indeed.com/
1541050278417	Marionette	DEBUG	[4294967297] Received DOM event pageshow for https://www.indeed.com/
1541113704127	mozrunner::runner	INFO	Running command: "/Applications/Firefox.app/Contents/MacOS/firefox-bin" "-marionette" "-foreground" "-no-remote" "-profile" "/var/folders/51/x10fq2v17xl8qz65s0_81mm00000gn/T/rust_mozprofile.lIbHeP00S7bk"
2018-11-01 16:08:26.554 plugin-container[48757:5699210] *** CFMessagePort: bootstrap_register(): failed 1100 (0x44c) 'Permission denied', port = 0x843f, name = 'com.apple.tsm.portname'
See /usr/include/servers/bootstrap_defs.h for the error codes.
2018-11-01 16:08:26.991 plugin-container[48757:5699210] unable to obtain configuration from file:///Library/Preferences/com.apple.ViewBridge.plist due to Error Domain=NSCocoaErrorDomain Code=257 "The file “com.apple.ViewBridge.plist” couldn’t be opened because you don’t have permission to view it." UserInfo={NSFilePath=/Library/Preferences/com.apple.ViewBridge.plist, NSUnderlyingError=0x1098e4d60 {Error Domain=NSPOSIXErrorDomain Code=1 "Operation not permitted"}}
2018-11-01 16:08:26.999 plugin-container[48757:5699225] +[NSXPCSharedListener endpointForReply:withListenerName:]: an error occurred while attempting to obtain endpoint for listener 'ClientCallsAuxiliary': Connection invalid
2018-11-01 16:08:27.152 plugin-container[48758:5699266] *** CFMessagePort: bootstrap_register(): failed 1100 (0x44c) 'Permission denied', port = 0x8b07, name = 'com.apple.tsm.portname'
See /usr/include/servers/bootstrap_defs.h for the error codes.
2018-11-01 16:08:27.318 plugin-container[48758:5699266] unable to obtain configuration from file:///Library/Preferences/com.apple.ViewBridge.plist due to Error Domain=NSCocoaErrorDomain Code=257 "The file “com.apple.ViewBridge.plist” couldn’t be opened because you don’t have permission to view it." UserInfo={NSFilePath=/Library/Preferences/com.apple.ViewBridge.plist, NSUnderlyingError=0x11c426400 {Error Domain=NSPOSIXErrorDomain Code=1 "Operation not permitted"}}
2018-11-01 16:08:27.321 plugin-container[48758:5699268] +[NSXPCSharedListener endpointForReply:withListenerName:]: an error occurred while attempting to obtain endpoint for listener 'ClientCallsAuxiliary': Connection invalid
1541113707623	Marionette	INFO	Listening on port 58311
2018-11-01 16:08:27.660 plugin-container[48759:5699330] *** CFMessagePort: bootstrap_register(): failed 1100 (0x44c) 'Permission denied', port = 0x783b, name = 'com.apple.tsm.portname'
See /usr/include/servers/bootstrap_defs.h for the error codes.
1541113707682	Marionette	WARN	TLS certificate errors will be ignored for this session
1541113707764	Marionette	DEBUG	[4294967297] Frame script loaded
1541113707768	Marionette	DEBUG	[4294967297] Frame script registered
1541113707818	Marionette	DEBUG	[4294967297] Received DOM event beforeunload for about:blank
2018-11-01 16:08:27.880 plugin-container[48759:5699330] unable to obtain configuration from file:///Library/Preferences/com.apple.ViewBridge.plist due to Error Domain=NSCocoaErrorDomain Code=257 "The file “com.apple.ViewBridge.plist” couldn’t be opened because you don’t have permission to view it." UserInfo={NSFilePath=/Library/Preferences/com.apple.ViewBridge.plist, NSUnderlyingError=0x10a4e9310 {Error Domain=NSPOSIXErrorDomain Code=1 "Operation not permitted"}}
2018-11-01 16:08:27.885 plugin-container[48759:5699333] +[NSXPCSharedListener endpointForReply:withListenerName:]: an error occurred while attempting to obtain endpoint for listener 'ClientCallsAuxiliary': Connection invalid
1541113708037	Marionette	DEBUG	[4294967297] Received DOM event pagehide for about:blank
1541113710618	Marionette	DEBUG	[4294967297] Received DOM event DOMContentLoaded for https://www.indeed.com/
1541113710952	Marionette	DEBUG	[4294967297] Received DOM event pageshow for https://www.indeed.com/
1541113731499	mozrunner::runner	INFO	Running command: "/Applications/Firefox.app/Contents/MacOS/firefox-bin" "-marionette" "-foreground" "-no-remote" "-profile" "/var/folders/51/x10fq2v17xl8qz65s0_81mm00000gn/T/rust_mozprofile.DxRwDhe3aSyT"
2018-11-01 16:08:53.881 plugin-container[48782:5700144] *** CFMessagePort: bootstrap_register(): failed 1100 (0x44c) 'Permission denied', port = 0x863b, name = 'com.apple.tsm.portname'
See /usr/include/servers/bootstrap_defs.h for the error codes.
2018-11-01 16:08:54.316 plugin-container[48782:5700144] unable to obtain configuration from file:///Library/Preferences/com.apple.ViewBridge.plist due to Error Domain=NSCocoaErrorDomain Code=257 "The file “com.apple.ViewBridge.plist” couldn’t be opened because you don’t have permission to view it." UserInfo={NSFilePath=/Library/Preferences/com.apple.ViewBridge.plist, NSUnderlyingError=0x109ee62e0 {Error Domain=NSPOSIXErrorDomain Code=1 "Operation not permitted"}}
2018-11-01 16:08:54.317 plugin-container[48783:5700169] *** CFMessagePort: bootstrap_register(): failed 1100 (0x44c) 'Permission denied', port = 0x7043, name = 'com.apple.tsm.portname'
See /usr/include/servers/bootstrap_defs.h for the error codes.
2018-11-01 16:08:54.320 plugin-container[48782:5700148] +[NSXPCSharedListener endpointForReply:withListenerName:]: an error occurred while attempting to obtain endpoint for listener 'ClientCallsAuxiliary': Connection invalid
2018-11-01 16:08:54.477 plugin-container[48783:5700169] unable to obtain configuration from file:///Library/Preferences/com.apple.ViewBridge.plist due to Error Domain=NSCocoaErrorDomain Code=257 "The file “com.apple.ViewBridge.plist” couldn’t be opened because you don’t have permission to view it." UserInfo={NSFilePath=/Library/Preferences/com.apple.ViewBridge.plist, NSUnderlyingError=0x1155295e0 {Error Domain=NSPOSIXErrorDomain Code=1 "Operation not permitted"}}
2018-11-01 16:08:54.481 plugin-container[48783:5700175] +[NSXPCSharedListener endpointForReply:withListenerName:]: an error occurred while attempting to obtain endpoint for listener 'ClientCallsAuxiliary': Connection invalid
1541113734766	Marionette	INFO	Listening on port 58384
1541113734809	Marionette	WARN	TLS certificate errors will be ignored for this session
1541113734887	Marionette	DEBUG	[4294967297] Frame script loaded
1541113734896	Marionette	DEBUG	[4294967297] Frame script registered
1541113734967	Marionette	DEBUG	[4294967297] Received DOM event beforeunload for about:blank
2018-11-01 16:08:54.987 plugin-container[48784:5700282] *** CFMessagePort: bootstrap_register(): failed 1100 (0x44c) 'Permission denied', port = 0x7307, name = 'com.apple.tsm.portname'
See /usr/include/servers/bootstrap_defs.h for the error codes.
2018-11-01 16:08:55.198 plugin-container[48784:5700282] unable to obtain configuration from file:///Library/Preferences/com.apple.ViewBridge.plist due to Error Domain=NSCocoaErrorDomain Code=257 "The file “com.apple.ViewBridge.plist” couldn’t be opened because you don’t have permission to view it." UserInfo={NSFilePath=/Library/Preferences/com.apple.ViewBridge.plist, NSUnderlyingError=0x10aceb310 {Error Domain=NSPOSIXErrorDomain Code=1 "Operation not permitted"}}
2018-11-01 16:08:55.202 plugin-container[48784:5700285] +[NSXPCSharedListener endpointForReply:withListenerName:]: an error occurred while attempting to obtain endpoint for listener 'ClientCallsAuxiliary': Connection invalid
1541113735734	Marionette	DEBUG	[4294967297] Received DOM event pagehide for about:blank
1541113737534	Marionette	DEBUG	[4294967297] Received DOM event DOMContentLoaded for https://www.indeed.com/
1541113738818	Marionette	DEBUG	[4294967297] Received DOM event pageshow for https://www.indeed.com/
1541113743968	Marionette	INFO	Stopped listening on port 58384
1541157682486	Marionette	INFO	Stopped listening on port 57236
1541307990549	mozrunner::runner	INFO	Running command: "/Applications/Firefox.app/Contents/MacOS/firefox-bin" "-marionette" "-foreground" "-no-remote" "-profile" "/var/folders/51/x10fq2v17xl8qz65s0_81mm00000gn/T/rust_mozprofile.qIvVkZw4ob3R"
2018-11-03 22:06:33.617 plugin-container[9492:351682] *** CFMessagePort: bootstrap_register(): failed 1100 (0x44c) 'Permission denied', port = 0x883b, name = 'com.apple.tsm.portname'
See /usr/include/servers/bootstrap_defs.h for the error codes.
2018-11-03 22:06:34.122 plugin-container[9492:351682] unable to obtain configuration from file:///Library/Preferences/com.apple.ViewBridge.plist due to Error Domain=NSCocoaErrorDomain Code=257 "The file “com.apple.ViewBridge.plist” couldn’t be opened because you don’t have permission to view it." UserInfo={NSFilePath=/Library/Preferences/com.apple.ViewBridge.plist, NSUnderlyingError=0x10d7e6250 {Error Domain=NSPOSIXErrorDomain Code=1 "Operation not permitted"}}
2018-11-03 22:06:34.130 plugin-container[9492:351684] +[NSXPCSharedListener endpointForReply:withListenerName:]: an error occurred while attempting to obtain endpoint for listener 'ClientCallsAuxiliary': Connection invalid
2018-11-03 22:06:34.359 plugin-container[9493:351715] *** CFMessagePort: bootstrap_register(): failed 1100 (0x44c) 'Permission denied', port = 0x8843, name = 'com.apple.tsm.portname'
See /usr/include/servers/bootstrap_defs.h for the error codes.
2018-11-03 22:06:34.569 plugin-container[9493:351715] unable to obtain configuration from file:///Library/Preferences/com.apple.ViewBridge.plist due to Error Domain=NSCocoaErrorDomain Code=257 "The file “com.apple.ViewBridge.plist” couldn’t be opened because you don’t have permission to view it." UserInfo={NSFilePath=/Library/Preferences/com.apple.ViewBridge.plist, NSUnderlyingError=0x10e3c5220 {Error Domain=NSPOSIXErrorDomain Code=1 "Operation not permitted"}}
2018-11-03 22:06:34.573 plugin-container[9493:351718] +[NSXPCSharedListener endpointForReply:withListenerName:]: an error occurred while attempting to obtain endpoint for listener 'ClientCallsAuxiliary': Connection invalid
1541307995160	Marionette	INFO	Listening on port 54816
1541307995187	Marionette	WARN	TLS certificate errors will be ignored for this session
1541307995276	Marionette	DEBUG	[4294967297] Frame script loaded
1541307995278	Marionette	DEBUG	[4294967297] Frame script registered
2018-11-03 22:06:35.308 plugin-container[9495:351829] *** CFMessagePort: bootstrap_register(): failed 1100 (0x44c) 'Permission denied', port = 0x6b43, name = 'com.apple.tsm.portname'
See /usr/include/servers/bootstrap_defs.h for the error codes.
1541307995436	Marionette	DEBUG	[4294967297] Received DOM event beforeunload for about:blank
2018-11-03 22:06:35.633 plugin-container[9495:351829] unable to obtain configuration from file:///Library/Preferences/com.apple.ViewBridge.plist due to Error Domain=NSCocoaErrorDomain Code=257 "The file “com.apple.ViewBridge.plist” couldn’t be opened because you don’t have permission to view it." UserInfo={NSFilePath=/Library/Preferences/com.apple.ViewBridge.plist, NSUnderlyingError=0x112feb310 {Error Domain=NSPOSIXErrorDomain Code=1 "Operation not permitted"}}
2018-11-03 22:06:35.639 plugin-container[9495:351834] +[NSXPCSharedListener endpointForReply:withListenerName:]: an error occurred while attempting to obtain endpoint for listener 'ClientCallsAuxiliary': Connection invalid
1541307997252	Marionette	DEBUG	[4294967297] Received DOM event pagehide for about:blank
1541308001465	Marionette	DEBUG	[4294967297] Received DOM event DOMContentLoaded for https://www.indeed.com/
1541308002270	Marionette	DEBUG	[4294967297] Received DOM event pageshow for https://www.indeed.com/
1541308007640	Marionette	INFO	Stopped listening on port 54816
1541376250941	mozrunner::runner	INFO	Running command: "/Applications/Firefox.app/Contents/MacOS/firefox-bin" "-marionette" "-foreground" "-no-remote" "-profile" "/var/folders/51/x10fq2v17xl8qz65s0_81mm00000gn/T/rust_mozprofile.wAK4U8sL9N0m"
2018-11-04 16:04:13.472 plugin-container[26162:891337] *** CFMessagePort: bootstrap_register(): failed 1100 (0x44c) 'Permission denied', port = 0x6e3b, name = 'com.apple.tsm.portname'
See /usr/include/servers/bootstrap_defs.h for the error codes.
2018-11-04 16:04:14.047 plugin-container[26162:891337] unable to obtain configuration from file:///Library/Preferences/com.apple.ViewBridge.plist due to Error Domain=NSCocoaErrorDomain Code=257 "The file “com.apple.ViewBridge.plist” couldn’t be opened because you don’t have permission to view it." UserInfo={NSFilePath=/Library/Preferences/com.apple.ViewBridge.plist, NSUnderlyingError=0x1122e61f0 {Error Domain=NSPOSIXErrorDomain Code=1 "Operation not permitted"}}
2018-11-04 16:04:14.051 plugin-container[26162:891347] +[NSXPCSharedListener endpointForReply:withListenerName:]: an error occurred while attempting to obtain endpoint for listener 'ClientCallsAuxiliary': Connection invalid
2018-11-04 16:04:14.068 plugin-container[26163:891371] *** CFMessagePort: bootstrap_register(): failed 1100 (0x44c) 'Permission denied', port = 0x8a43, name = 'com.apple.tsm.portname'
See /usr/include/servers/bootstrap_defs.h for the error codes.
2018-11-04 16:04:14.227 plugin-container[26163:891371] unable to obtain configuration from file:///Library/Preferences/com.apple.ViewBridge.plist due to Error Domain=NSCocoaErrorDomain Code=257 "The file “com.apple.ViewBridge.plist” couldn’t be opened because you don’t have permission to view it." UserInfo={NSFilePath=/Library/Preferences/com.apple.ViewBridge.plist, NSUnderlyingError=0x11612e8b0 {Error Domain=NSPOSIXErrorDomain Code=1 "Operation not permitted"}}
2018-11-04 16:04:14.232 plugin-container[26163:891373] +[NSXPCSharedListener endpointForReply:withListenerName:]: an error occurred while attempting to obtain endpoint for listener 'ClientCallsAuxiliary': Connection invalid
1541376254703	Marionette	INFO	Listening on port 58842
1541376254830	Marionette	WARN	TLS certificate errors will be ignored for this session
1541376254912	Marionette	DEBUG	[4294967297] Frame script loaded
1541376254913	Marionette	DEBUG	[4294967297] Frame script registered
2018-11-04 16:04:14.938 plugin-container[26164:891470] *** CFMessagePort: bootstrap_register(): failed 1100 (0x44c) 'Permission denied', port = 0x883b, name = 'com.apple.tsm.portname'
See /usr/include/servers/bootstrap_defs.h for the error codes.
1541376254958	Marionette	DEBUG	[4294967297] Received DOM event beforeunload for about:blank
2018-11-04 16:04:15.113 plugin-container[26164:891470] unable to obtain configuration from file:///Library/Preferences/com.apple.ViewBridge.plist due to Error Domain=NSCocoaErrorDomain Code=257 "The file “com.apple.ViewBridge.plist” couldn’t be opened because you don’t have permission to view it." UserInfo={NSFilePath=/Library/Preferences/com.apple.ViewBridge.plist, NSUnderlyingError=0x10b7eb310 {Error Domain=NSPOSIXErrorDomain Code=1 "Operation not permitted"}}
2018-11-04 16:04:15.116 plugin-container[26164:891472] +[NSXPCSharedListener endpointForReply:withListenerName:]: an error occurred while attempting to obtain endpoint for listener 'ClientCallsAuxiliary': Connection invalid
1541376256715	Marionette	DEBUG	[4294967297] Received DOM event pagehide for about:blank
1541376259714	Marionette	DEBUG	[4294967297] Received DOM event DOMContentLoaded for https://www.indeed.com/
1541376259993	Marionette	DEBUG	[4294967297] Received DOM event pageshow for https://www.indeed.com/
1541376265235	Marionette	INFO	Stopped listening on port 58842
